<?xml version="1.0" encoding="UTF-8"?>
<!-- Generated by org.testng.reporters.JUnitReportReporter -->
<testsuite skipped="0" hostname="pc" name="com.autodisk.flighttest.FlightsTest" tests="1" failures="0" timestamp="2020-09-15T20:21:53 IST" time="162.765" errors="0">
  <testcase name="BookFligts" time="162.765" classname="com.autodisk.flighttest.FlightsTest"/>
  <system-out/>
</testsuite> <!-- com.autodisk.flighttest.FlightsTest -->
